<?xml version="1.0" encoding="UTF-8"?>
<!-- Generated by org.testng.reporters.JUnitReportReporter -->
<testsuite skipped="0" hostname="user" name="Screenshot" tests="1" failures="0" timestamp="2022-05-16T21:10:35 IST" time="21.010" errors="0">
  <testcase name="screen" time="21.010" classname="Screenshot"/>
  <system-out/>
</testsuite> <!-- Screenshot -->
