<?xml version="1.0" encoding="UTF-8"?>
<!-- Generated by org.testng.reporters.JUnitReportReporter -->
<testsuite skipped="0" hostname="user" name="PriorityExample" tests="2" failures="0" timestamp="2022-06-07T21:53:14 IST" time="38.087" errors="0">
  <testcase name="Two" time="24.389" classname="PriorityExample"/>
  <system-out/>
  <testcase name="One" time="13.698" classname="PriorityExample"/>
  <system-out/>
</testsuite> <!-- PriorityExample -->
