<?xml version="1.0" encoding="UTF-8"?>
<!-- Generated by org.testng.reporters.JUnitReportReporter -->
<testsuite skipped="0" hostname="user" name="Utils.ExcelDataProvider" tests="3" failures="0" timestamp="2022-02-05T19:06:35 IST" time="0.020" errors="0">
  <testcase name="test1" time="0.003" classname="Utils.ExcelDataProvider"/>
  <system-out/>
  <testcase name="test1" time="0.014" classname="Utils.ExcelDataProvider"/>
  <system-out/>
  <testcase name="test1" time="0.003" classname="Utils.ExcelDataProvider"/>
  <system-out/>
</testsuite> <!-- Utils.ExcelDataProvider -->
