<?xml version="1.0" encoding="UTF-8"?>
<!-- Generated by org.testng.reporters.JUnitReportReporter -->
<testsuite skipped="0" hostname="user" name="MultipleBrowsertest" tests="1" failures="0" timestamp="2022-06-02T22:26:41 IST" time="11.575" errors="0">
  <testcase name="test1" time="11.575" classname="MultipleBrowsertest"/>
  <system-out/>
</testsuite> <!-- MultipleBrowsertest -->
